[2018-11-15 21:14:36.785] [exthost] [info] extension host started
[2018-11-15 21:14:36.814] [exthost] [info] ExtensionService#_doActivateExtension vscode.debug-auto-launch {"startup":true,"activationEvent":"*"}
[2018-11-15 21:14:36.814] [exthost] [info] ExtensionService#loadCommonJSModule /snap/vscode/66/usr/share/code/resources/app/extensions/debug-auto-launch/dist/extension
[2018-11-15 21:14:36.847] [exthost] [info] ExtensionService#_doActivateExtension vscode.emmet {"startup":true,"activationEvent":"*"}
[2018-11-15 21:14:36.847] [exthost] [info] ExtensionService#loadCommonJSModule /snap/vscode/66/usr/share/code/resources/app/extensions/emmet/dist/extension
[2018-11-15 21:14:36.930] [exthost] [info] ExtensionService#_doActivateExtension vscode.git {"startup":true,"activationEvent":"*"}
[2018-11-15 21:14:36.930] [exthost] [info] ExtensionService#loadCommonJSModule /snap/vscode/66/usr/share/code/resources/app/extensions/git/dist/main
[2018-11-15 21:14:37.153] [exthost] [info] ExtensionService#_doActivateExtension vscode.merge-conflict {"startup":true,"activationEvent":"*"}
[2018-11-15 21:14:37.153] [exthost] [info] ExtensionService#loadCommonJSModule /snap/vscode/66/usr/share/code/resources/app/extensions/merge-conflict/dist/extension
[2018-11-15 21:14:37.162] [exthost] [info] eager extensions activated
[2018-11-15 21:14:49.040] [exthost] [info] extension host started
[2018-11-15 21:14:49.069] [exthost] [info] ExtensionService#_doActivateExtension vscode.debug-auto-launch {"startup":true,"activationEvent":"*"}
[2018-11-15 21:14:49.069] [exthost] [info] ExtensionService#loadCommonJSModule /snap/vscode/66/usr/share/code/resources/app/extensions/debug-auto-launch/dist/extension
[2018-11-15 21:14:49.077] [exthost] [info] ExtensionService#_doActivateExtension vscode.emmet {"startup":true,"activationEvent":"*"}
[2018-11-15 21:14:49.077] [exthost] [info] ExtensionService#loadCommonJSModule /snap/vscode/66/usr/share/code/resources/app/extensions/emmet/dist/extension
[2018-11-15 21:14:49.102] [exthost] [info] ExtensionService#_doActivateExtension vscode.git {"startup":true,"activationEvent":"*"}
[2018-11-15 21:14:49.102] [exthost] [info] ExtensionService#loadCommonJSModule /snap/vscode/66/usr/share/code/resources/app/extensions/git/dist/main
[2018-11-15 21:14:49.241] [exthost] [info] ExtensionService#_doActivateExtension vscode.merge-conflict {"startup":true,"activationEvent":"*"}
[2018-11-15 21:14:49.241] [exthost] [info] ExtensionService#loadCommonJSModule /snap/vscode/66/usr/share/code/resources/app/extensions/merge-conflict/dist/extension
[2018-11-15 21:14:49.250] [exthost] [info] eager extensions activated
